WP_049074220.1	pfam	1	PF08667.13	98.9	2.4E-13	1.2E-17	99.1	0.0	138	16-206	3-151	(174)
WP_186227304.1	pfam	1	PF05269.14	95.4	0.00038	2E-08	37.6	0.0	71	17-87	13-86	(91)
WP_000428099.1	cdd	1	cd06529	97.9	1E-08	5.8E-13	63.1	0.0	71	132-203	1-71	(81)
WP_000428099.1	cdd	4	cd00093	93.5	0.0043	2.4E-07	31.8	0.0	58	11-71	1-58	(58)
WP_112871756.1	cdd	1	cd06529	97.8	2E-08	1.1E-12	61.2	0.0	80	133-216	1-80	(81)
WP_112871756.1	cdd	4	cd00093	94.3	0.0018	1E-07	33.2	0.0	58	12-73	1-58	(58)
WP_001180317.1	cdd	1	cd00592	97.0	2E-06	1.1E-10	46.2	0.0	38	12-49	2-40	(100)
WP_000539354.1	cdd	1	cd07153	86.6	0.08	4.5E-06	35.6	0.0	32	68-99	17-53	(116)
WP_000438344.1	pdb	1	3IF8_B	68.9	2.7	4.5E-05	28.7	0.0	25	27-51	17-42	(257)
WP_000250470.1	cdd	1	cd06529	97.9	9.1E-09	5.1E-13	62.8	0.0	71	133-204	1-71	(81)
WP_000250470.1	cdd	4	cd00093	94.2	0.0021	1.1E-07	32.9	0.0	58	12-73	1-58	(58)
WP_052920495.1	cdd	1	cd06571	79.6	0.27	1.5E-05	27.1	0.0	36	12-47	29-65	(90)
WP_001180317.1	pfam	1	PF04936.15	97.1	1.3E-06	6.8E-11	53.8	0.0	36	8-43	12-47	(186)
WP_086167103.1	pdb	1	1XWR_D	98.5	1.2E-10	1.9E-15	75.0	0.0	93	5-98	2-97	(97)
WP_248784791.1	pfam	1	PF13720.9	58.5	1.9	9.6E-05	23.8	0.0	21	58-78	26-46	(85)
WP_000145926.1	pfam	1	PF06163.14	98.2	5.9E-10	3E-14	68.8	0.0	88	4-95	14-108	(115)
WP_086167103.1	pfam	1	PF05269.14	95.4	0.00035	1.8E-08	37.8	0.0	71	17-87	13-86	(91)
WP_000428098.1	pfam	1	PF08667.13	98.9	3.9E-13	2E-17	99.2	0.0	141	7-193	3-153	(174)
WP_001434513.1	pdb	1	6GOV_N	99.7	5.1E-22	8.5E-27	133.6	0.0	99	11-111	2-110	(110)
WP_000005785.1	pfam	1	PF07083.14	86.6	0.087	4.4E-06	45.9	0.0	108	8-119	2-110	(222)
WP_000387878.1	pfam	1	PF10281.12	57.7	2	0.0001	19.9	0.0	14	30-43	5-18	(37)
WP_021572762.1	pdb	1	3BDN_A	99.7	1.5E-21	2.5E-26	151.5	0.0	207	8-222	16-232	(236)
KAB3415375.1	pdb	1	4LHF_A	97.5	4.2E-07	7E-12	52.9	0.0	33	11-43	12-44	(91)
WP_000185506.1	pfam	1	PF04492.16	98.5	7.1E-11	3.6E-15	83.6	0.0	95	21-115	1-113	(113)
WP_052929900.1	pfam	1	PF05269.14	95.4	0.00036	1.8E-08	37.7	0.0	71	17-87	13-86	(91)
WP_000753555.1	pdb	1	5EYB_A	97.5	3.6E-07	5.9E-12	69.9	0.0	87	3-92	96-215	(362)
WP_000250470.1	pfam	1	PF08667.13	99.0	1E-13	5.3E-18	101.5	0.0	139	8-192	3-151	(174)
WP_032266375.1	pdb	1	6GOV_N	99.2	6.6E-15	1.1E-19	95.4	0.0	79	12-95	3-81	(110)
WP_089560458.1	pdb	1	5ODP_G	98.3	1.2E-09	2E-14	81.8	0.0	99	2-104	35-138	(196)
WP_021552632.1	pfam	1	PF08667.13	99.0	1E-13	5.3E-18	101.3	0.0	142	7-194	2-153	(174)
WP_001248388.1	pfam	1	PF20307.1	99.9	7.1E-29	3.6E-33	241.2	0.0	240	168-422	54-323	(356)
WP_001248388.1	pfam	13	PF00772.24	96.3	3.5E-05	1.8E-09	57.1	0.0	89	1-95	4-98	(98)
WP_000539354.1	pdb	1	2V79_B	97.1	4.5E-06	7.5E-11	63.4	0.0	79	21-102	8-86	(135)
WP_000438492.1	cdd	1	cd06571	78.5	0.31	1.7E-05	26.8	0.0	36	12-47	29-65	(90)
KAB3415367.1	pdb	1	4OZW_A	60.8	4.9	8.2E-05	26.1	0.0	23	12-34	184-206	(335)
WP_000213975.1	pdb	1	5XJ1_A	56.9	6.4	0.00011	28.6	0.0	14	11-24	72-85	(454)
WP_000539350.1	cdd	1	cd07153	86.4	0.085	4.7E-06	35.5	0.0	32	68-99	17-53	(116)
WP_071447817.1	pfam	1	PF07083.14	87.7	0.067	3.4E-06	46.6	0.0	108	8-119	2-110	(222)
WP_112844291.1	pdb	1	3BDN_A	99.7	4.1E-22	6.9E-27	155.1	0.0	208	8-223	16-233	(236)
WP_152937760.1	pdb	1	7EKO_D	98.4	2.6E-10	4.3E-15	104.1	0.0	102	6-108	59-162	(238)
WP_208486487.1	pfam	1	PF11438.11	96.7	9E-06	4.6E-10	42.8	0.0	32	14-45	1-32	(35)
WP_112844287.1	pfam	2	PF18784.4	59.4	1.8	9E-05	23.4	0.0	19	25-43	18-37	(68)
WP_143358684.1	pdb	1	2V79_B	97.5	4.6E-07	7.7E-12	63.8	0.0	77	23-102	8-84	(135)
WP_000437872.1	pdb	1	2OVG_A	97.8	5.6E-08	9.3E-13	50.0	0.0	64	1-64	1-64	(66)
WP_112871756.1	pfam	1	PF08667.13	99.0	1E-13	5.3E-18	101.5	0.0	141	8-194	3-153	(174)
WP_024236197.1	pfam	1	PF04404.15	99.8	5.6E-24	2.8E-28	158.4	0.0	120	5-127	1-122	(146)
WP_053920131.1	cdd	1	cd22343	99.9	1.8E-30	9.8E-35	196.3	0.0	174	7-196	1-182	(182)
WP_000528775.1	pfam	1	PF08861.13	99.4	2E-17	1E-21	120.7	0.0	88	29-118	1-90	(90)
WP_000528775.1	pfam	2	PF08862.13	97.8	2.3E-08	1.2E-12	72.2	0.0	85	159-249	1-87	(87)
WP_000438540.1	cdd	1	cd06571	78.4	0.31	1.7E-05	26.8	0.0	36	12-47	29-65	(90)
WP_213839200.1	pfam	1	PF20307.1	99.9	4.1E-27	2.1E-31	229.8	0.0	244	187-445	53-321	(356)
WP_213839200.1	pfam	11	PF00772.24	97.6	9.2E-08	4.7E-12	72.2	0.0	98	7-112	1-98	(98)
WP_071533307.1	pdb	1	5XJ1_A	62.2	4.5	7.4E-05	28.6	0.0	14	11-24	72-85	(454)
WP_024246246.1	pfam	1	PF08667.13	97.8	1.7E-08	8.7E-13	56.6	0.0	59	2-65	8-70	(174)
WP_001434513.1	pfam	1	PF11438.11	96.5	1.4E-05	7.3E-10	41.8	0.0	32	14-45	1-32	(35)
WP_000195204.1	pdb	1	1XWR_D	98.5	1.2E-10	2E-15	74.9	0.0	93	5-98	2-97	(97)
WP_000428098.1	cdd	1	cd06529	97.9	1E-08	5.8E-13	62.9	0.0	71	132-203	1-71	(81)
WP_000428098.1	cdd	4	cd00093	93.2	0.0053	2.9E-07	31.4	0.0	58	11-71	1-58	(58)
WP_112844288.1	pfam	1	PF02556.17	99.4	1.1E-17	5.4E-22	119.0	0.0	125	2-129	7-139	(144)
WP_187642120.1	cdd	1	cd06529	98.0	2.6E-09	1.5E-13	63.3	0.0	79	144-228	1-80	(81)
WP_187642120.1	cdd	4	cd00093	93.7	0.0033	1.9E-07	31.1	0.0	57	5-61	1-58	(58)
WP_001594393.1	pfam	1	PF05717.16	99.9	3.4E-27	1.7E-31	146.8	0.0	98	8-105	1-101	(102)
WP_052925411.1	pfam	1	PF05269.14	95.3	0.00041	2.1E-08	37.5	0.0	71	17-87	13-86	(91)
KAB3415368.1	pfam	1	PF02061.19	99.9	9.9E-27	5E-31	127.6	0.0	42	2-43	1-42	(42)
WP_001644575.1	cdd	1	cd07153	83.2	0.16	8.8E-06	33.7	0.0	35	67-101	14-53	(116)
WP_000067065.1	cdd	1	cd07153	90.3	0.027	1.5E-06	39.4	0.0	48	46-100	1-53	(116)
WP_000185506.1	pdb	1	2V79_B	96.5	4.6E-05	7.7E-10	57.5	0.0	78	23-103	8-85	(135)
WP_000365280.1	pdb	1	5JRB_C	99.1	1.1E-13	1.9E-18	120.6	0.0	109	2-121	42-173	(215)
WP_021527653.1	pdb	1	4PTA_D	96.4	8.5E-05	1.4E-09	55.9	0.0	100	23-128	12-117	(131)
WP_000067727.1	pfam	1	PF08667.13	91.3	0.019	9.6E-07	25.1	0.0	61	2-67	8-72	(174)
WP_000372941.1	cdd	1	cd00244	52.4	2.5	0.00014	24.5	0.0	24	12-35	189-212	(339)
STI23904.1	pfam	1	PF08134.14	99.4	2.3E-17	1.2E-21	86.1	0.0	37	2-38	1-37	(37)
WP_032194733.1	pdb	1	6GOV_N	98.9	1.9E-12	3.2E-17	82.9	0.0	74	7-83	2-81	(110)
WP_016063144.1	pfam	1	PF18144.4	87.2	0.077	3.9E-06	35.6	0.0	69	17-90	1-76	(164)
WP_000131498.1	pdb	1	3BGW_C	100.0	1.8E-45	3E-50	375.6	0.0	433	1-460	4-439	(444)
STI23915.1	cdd	1	cd07153	85.6	0.1	5.6E-06	35.0	0.0	32	68-99	17-53	(116)
WP_112871756.1	pdb	1	3BDN_A	99.7	4.5E-22	7.5E-27	155.6	0.0	209	6-223	13-232	(236)
WP_000065362.1	pfam	2	PF20192.1	65.1	1.2	6E-05	26.5	0.0	31	1-31	1-32	(74)
WP_000065362.1	pfam	3	PF05412.15	58.8	1.8	9.4E-05	28.4	0.0	14	93-106	4-17	(107)
WP_001016185.1	pfam	1	PF16473.8	99.6	2.6E-19	1.3E-23	125.5	0.0	174	3-176	2-176	(177)
WP_096075729.1	pfam	1	PF05269.14	95.4	0.00036	1.8E-08	37.7	0.0	71	17-87	13-86	(91)
WP_000100844.1	pfam	1	PF03837.17	99.3	4.3E-16	2.2E-20	129.6	0.0	134	39-176	20-191	(203)
WP_072658121.1	pdb	1	2GP8_A	63.9	3.9	6.6E-05	26.7	0.0	25	83-107	13-37	(40)
STI23911.1	cdd	1	cd00093	89.3	0.038	2.1E-06	22.5	0.0	57	21-77	2-58	(58)
WP_000806596.1	pdb	1	3BGW_C	100.0	2.2E-44	3.7E-49	365.5	0.0	416	2-432	14-437	(444)
WP_000100847.1	pfam	1	PF03837.17	99.3	1.4E-16	7.4E-21	132.7	0.0	134	39-176	20-191	(203)
WP_001180318.1	pfam	1	PF04936.15	97.0	1.8E-06	9.2E-11	53.8	0.0	38	7-44	11-48	(186)
KAB3415375.1	pfam	1	PF04936.15	97.1	1.3E-06	6.8E-11	53.8	0.0	36	8-43	12-47	(186)
WP_001117690.1	cdd	1	cd01990	98.8	2E-12	1.1E-16	104.2	0.0	158	23-216	2-163	(202)
WP_000100848.1	pfam	1	PF03837.17	99.3	4.6E-16	2.3E-20	129.4	0.0	134	39-176	20-191	(203)
WP_000437871.1	cdd	1	cd06571	92.3	0.01	5.6E-07	30.9	0.0	27	13-39	44-71	(90)
WP_072658121.1	pfam	1	PF05235.17	62.1	1.5	7.5E-05	27.8	0.0	26	18-43	175-200	(232)
STI23912.1	pdb	1	2OVG_A	97.8	4.5E-08	7.5E-13	50.4	0.0	64	1-64	1-64	(66)
WP_096246228.1	cdd	1	cd06529	97.8	1.3E-08	7E-13	61.6	0.0	79	136-221	1-81	(81)
WP_096246228.1	cdd	4	cd00093	94.4	0.0016	9E-08	33.1	0.0	58	18-75	1-58	(58)
WP_000087627.1	pfam	1	PF10097.12	99.5	6.5E-18	3.3E-22	107.4	0.0	50	72-121	1-50	(50)
WP_000087627.1	pfam	2	PF19870.2	90.9	0.022	1.1E-06	38.6	0.0	56	121-176	18-73	(82)
WP_029305435.1	pfam	1	PF05269.14	95.4	0.00037	1.9E-08	37.6	0.0	71	17-87	13-86	(91)
WP_133142096.1	cdd	1	cd02032	99.5	5.5E-19	3.1E-23	154.1	0.0	181	29-250	1-183	(267)
WP_001560905.1	cdd	1	cd06571	92.1	0.011	6E-07	30.7	0.0	27	13-39	44-71	(90)
WP_255059331.1	cdd	1	cd06571	79.0	0.29	1.6E-05	27.0	0.0	36	12-47	29-65	(90)
KAB3415370.1	pdb	1	2JTV_A	81.9	0.64	1.1E-05	33.7	0.0	54	107-163	2-57	(65)
WP_162774251.1	pfam	1	PF08134.14	87.1	0.079	4E-06	26.3	0.0	16	2-17	1-16	(37)
WP_063501483.1	pfam	1	PF04492.16	98.5	7.4E-11	3.8E-15	83.6	0.0	95	21-115	1-113	(113)
WP_129547430.1	pdb	1	6XG8_A	98.0	1.5E-08	2.6E-13	104.0	0.0	255	206-495	117-383	(410)
WP_129547430.1	pdb	2	3NA7_A	91.6	0.049	8.2E-07	52.3	0.0	172	2-188	62-235	(256)
KAB3415371.1	pdb	1	6GOV_N	98.8	4.3E-12	7.1E-17	81.6	0.0	74	7-83	2-81	(110)
WP_000753555.1	pfam	1	PF07900.14	97.3	3.2E-07	1.6E-11	63.7	0.0	89	4-92	62-177	(209)
WP_000539354.1	pfam	1	PF04492.16	98.5	2.9E-11	1.5E-15	86.2	0.0	92	19-110	1-110	(113)
WP_052938060.1	cdd	1	cd04496	99.5	5.1E-18	2.8E-22	105.1	0.0	95	9-105	1-95	(100)
WP_053920131.1	pfam	1	PF09588.13	99.8	1.4E-24	7.3E-29	158.0	0.0	137	12-157	1-141	(141)
WP_000186784.1	pfam	1	PF09588.13	99.8	2.5E-24	1.3E-28	159.3	0.0	137	23-168	1-141	(141)
WP_000131484.1	cdd	1	cd00984	99.8	5E-24	2.8E-28	194.2	0.0	249	190-452	1-251	(256)
WP_001016186.1	cdd	1	cd06135	99.1	7.3E-15	4.1E-19	101.3	0.0	170	4-180	2-172	(173)
WP_047671703.1	pfam	1	PF08667.13	98.9	2.6E-13	1.3E-17	98.6	0.0	137	17-206	4-151	(174)
WP_024203717.1	pfam	1	PF13610.9	67.9	0.95	4.9E-05	16.9	0.0	46	1-46	92-137	(137)
WP_086167100.1	cdd	1	cd21937	57.8	1.8	0.0001	24.1	0.0	45	40-84	1-52	(53)
WP_049074223.1	cdd	1	cd06571	79.4	0.27	1.5E-05	27.1	0.0	36	12-47	29-65	(90)
WP_042019749.1	pdb	1	6M9K_D	94.7	0.0036	5.9E-08	47.8	0.0	67	233-300	1-67	(67)
WP_001749476.1	pdb	1	3BGW_C	100.0	1.9E-44	3.1E-49	366.0	0.0	416	2-432	14-437	(444)
WP_000972063.1	pdb	1	4B4C_A	80.1	0.84	1.4E-05	27.1	0.0	23	17-39	181-203	(211)
WP_000088201.1	pfam	1	PF11438.11	72.2	0.66	3.3E-05	22.6	0.0	24	10-33	1-24	(35)
WP_038820284.1	cdd	1	cd07153	79.6	0.27	1.5E-05	32.6	0.0	35	67-101	14-53	(116)
WP_062876651.1	pdb	1	4MZ9_D	99.8	1.2E-25	2E-30	162.5	0.0	116	1-116	1-116	(178)
WP_024203136.1	pdb	1	1XWR_D	98.5	1.1E-10	1.8E-15	75.2	0.0	93	5-98	2-97	(97)
WP_000065359.1	pfam	2	PF20192.1	64.6	1.2	6.2E-05	26.5	0.0	31	1-31	1-32	(74)
WP_000065359.1	pfam	3	PF05412.15	58.5	1.9	9.6E-05	28.3	0.0	14	93-106	4-17	(107)
WP_000437875.1	pfam	1	PF09048.13	97.1	1.3E-06	6.8E-11	40.4	0.0	59	2-60	1-59	(59)
WP_032167977.1	cdd	1	cd07153	78.2	0.32	1.8E-05	32.6	0.0	35	67-101	14-53	(116)
WP_152937760.1	cdd	1	cd07023	98.2	5.6E-10	3.1E-14	93.6	0.0	98	9-107	4-107	(208)
WP_000100844.1	pdb	1	6M9K_D	96.5	4.4E-05	7.3E-10	55.1	0.0	65	196-260	3-67	(67)
WP_001180318.1	pdb	1	4LHF_A	97.6	2.6E-07	4.3E-12	54.5	0.0	33	11-43	12-44	(91)
WP_052920495.1	pdb	1	1XWR_D	98.5	1.1E-10	1.8E-15	75.2	0.0	93	5-98	2-97	(97)
WP_016242504.1	pfam	2	PF20192.1	63.8	1.3	6.6E-05	26.3	0.0	31	1-31	1-32	(74)
WP_016242504.1	pfam	3	PF05412.15	56.2	2.2	0.00011	27.9	0.0	14	93-106	4-17	(107)
WP_000365280.1	pfam	1	PF06420.15	99.6	7.1E-20	3.6E-24	152.4	0.0	106	2-120	18-130	(169)
STI23910.1	pdb	1	3BDN_A	99.5	1E-17	1.7E-22	113.6	0.0	101	24-124	136-236	(236)
WP_023157013.1	pdb	1	3BGW_C	100.0	6.9E-46	1.1E-50	379.0	0.0	433	1-460	4-439	(444)
WP_086167100.1	pfam	2	PF07352.15	99.2	2.5E-15	1.3E-19	109.0	0.0	100	55-160	35-153	(154)
WP_024203136.1	pfam	1	PF05269.14	95.5	0.00031	1.6E-08	37.9	0.0	71	17-87	13-86	(91)
WP_000428099.1	pfam	1	PF08667.13	98.9	3.8E-13	2E-17	99.4	0.0	141	7-193	3-153	(174)
WP_021527653.1	pfam	1	PF04492.16	98.8	1E-12	5.2E-17	94.9	0.0	102	19-124	1-113	(113)
WP_000604110.1	pfam	1	PF06064.14	83.0	0.18	9.1E-06	32.8	0.0	63	24-86	26-91	(98)
WP_001549085.1	pdb	1	5I0Y_A	51.1	9.2	0.00015	30.4	0.0	17	101-117	100-116	(160)
WP_101750476.1	pdb	1	3BDN_A	99.9	7.6E-28	1.3E-32	184.5	0.0	222	10-231	11-236	(236)
WP_000213975.1	pfam	2	PF18784.4	59.2	1.8	9.2E-05	23.9	0.0	19	25-43	18-37	(68)
WP_001111302.1	pdb	1	5LSI_E	54.7	7.4	0.00012	25.8	0.0	69	1-79	4-74	(76)
WP_049074211.1	pfam	1	PF15968.8	100.0	9E-36	4.6E-40	227.2	0.0	139	6-144	1-139	(139)
WP_000428099.1	pdb	1	3BDN_A	99.7	1.4E-21	2.3E-26	154.2	0.0	208	7-222	15-232	(236)
WP_000065364.1	pfam	2	PF20192.1	65.0	1.2	6.1E-05	26.5	0.0	31	1-31	1-32	(74)
WP_000065364.1	pfam	3	PF05412.15	58.2	1.9	9.8E-05	28.3	0.0	14	93-106	4-17	(107)
WP_032228176.1	pfam	1	PF11438.11	73.8	0.56	2.9E-05	22.9	0.0	24	10-33	1-24	(35)
WP_000972063.1	cdd	1	cd09171	52.3	2.6	0.00014	18.5	0.0	24	14-37	1-24	(136)
WP_000067068.1	cdd	1	cd07153	91.2	0.018	1E-06	40.3	0.0	48	46-100	1-53	(116)
WP_000166207.1	pdb	1	2HEP_A	53.9	7.7	0.00013	23.9	0.0	31	7-39	23-53	(85)
WP_000067727.1	pdb	1	6HU8_A	95.8	0.00041	6.8E-09	35.0	0.0	50	3-52	10-60	(310)
WP_000131498.1	cdd	1	cd00984	99.8	6.4E-24	3.6E-28	193.4	0.0	249	190-452	1-251	(256)
WP_101750476.1	pfam	1	PF08667.13	99.0	6.2E-14	3.2E-18	100.6	0.0	139	14-201	3-152	(174)
WP_016063144.1	pdb	1	6M6U_F	87.5	0.21	3.6E-06	34.7	0.0	47	38-88	1-49	(139)
WP_001302016.1	cdd	1	cd06529	97.8	2.3E-08	1.3E-12	59.9	0.0	79	136-221	1-81	(81)
WP_001302016.1	cdd	4	cd00093	94.0	0.0026	1.5E-07	31.9	0.0	58	18-75	1-58	(58)
WP_160371130.1	cdd	1	cd06571	78.4	0.31	1.7E-05	26.8	0.0	36	12-47	29-65	(90)
WP_001549085.1	pfam	1	PF08141.15	64.3	1.3	6.4E-05	27.3	0.0	40	59-98	16-55	(57)
STI23912.1	pfam	1	PF09048.13	97.1	1.3E-06	6.8E-11	40.4	0.0	59	2-60	1-59	(59)
WP_097435296.1	pdb	1	1XWR_D	98.5	1.1E-10	1.8E-15	75.2	0.0	93	5-98	2-97	(97)
WP_139785542.1	cdd	1	cd04496	97.4	2.7E-07	1.5E-11	38.9	0.0	30	9-38	1-30	(100)
WP_000539336.1	pdb	1	4PTA_D	96.5	5.2E-05	8.6E-10	57.2	0.0	102	19-126	11-117	(131)
WP_000088206.1	pfam	1	PF11438.11	78.7	0.33	1.7E-05	23.7	0.0	24	10-33	1-24	(35)
WP_000073663.1	pdb	1	2JTV_A	87.4	0.22	3.7E-06	35.2	0.0	54	106-162	2-57	(65)
WP_001309734.1	pfam	1	PF05344.14	96.8	5.3E-06	2.7E-10	48.6	0.0	39	20-58	1-39	(62)
WP_021546266.1	pdb	1	5LSI_E	52.0	8.7	0.00014	25.3	0.0	59	1-59	3-63	(76)
WP_015966849.1	pdb	1	4Q7M_B	96.8	1.7E-05	2.9E-10	69.4	0.0	35	2-36	31-68	(271)
WP_000806596.1	pfam	1	PF20307.1	99.9	8.5E-29	4.3E-33	240.5	0.0	240	168-422	54-323	(356)
WP_000806596.1	pfam	13	PF00772.24	96.1	6.3E-05	3.2E-09	55.6	0.0	88	2-95	5-98	(98)
WP_015966851.1	pfam	1	PF04102.15	93.2	0.0057	2.9E-07	37.0	0.0	67	29-107	1-67	(67)
WP_015966851.1	pfam	3	PF09538.13	89.8	0.035	1.8E-06	36.8	0.0	31	107-149	10-40	(110)
WP_047674109.1	pdb	1	6GOV_N	98.8	3.5E-12	5.8E-17	81.4	0.0	74	7-83	2-81	(110)
WP_096075729.1	pdb	1	1XWR_D	98.5	1.1E-10	1.9E-15	75.0	0.0	93	5-98	2-97	(97)
WP_001243354.1	pfam	1	PF06301.14	99.6	1.4E-20	7.4E-25	100.9	0.0	39	9-47	2-40	(42)
WP_208486489.1	cdd	1	cd00984	99.6	2.1E-20	1.2E-24	178.3	0.0	237	342-596	2-256	(256)
WP_208486489.1	cdd	42	cd03364	95.3	0.00038	2.1E-08	50.0	0.0	77	206-288	1-78	(79)
WP_032194733.1	pfam	1	PF11438.11	78.3	0.34	1.7E-05	23.6	0.0	24	10-33	1-24	(35)
KAB3415374.1	cdd	1	cd06529	97.7	3.1E-08	1.7E-12	60.8	0.0	80	134-217	1-80	(81)
KAB3415374.1	cdd	4	cd00093	94.4	0.0016	8.7E-08	33.7	0.0	58	12-73	1-58	(58)
WP_001274764.1	pdb	1	3BDN_A	99.9	8.7E-31	1.5E-35	204.2	0.0	232	6-237	5-236	(236)
WP_024246246.1	pdb	1	2O38_B	98.8	3E-12	5E-17	71.7	0.0	60	2-66	43-103	(120)
WP_001517863.1	pdb	1	6BBM_W	99.8	4.4E-25	7.3E-30	188.2	0.0	131	1-132	1-131	(233)
STI23906.1	pdb	1	5JUG_A	50.5	9.5	0.00016	28.8	0.0	21	20-40	19-39	(168)
WP_000804698.1	pfam	1	PF11438.11	58.4	1.9	9.6E-05	23.8	0.0	21	13-33	1-21	(35)
WP_000088205.1	pdb	1	6GOV_N	98.8	2.8E-12	4.7E-17	82.5	0.0	74	7-83	2-81	(110)
WP_049074210.1	pdb	1	6GOV_N	98.4	3.8E-10	6.4E-15	77.7	0.0	79	7-113	2-81	(110)
WP_032167977.1	pfam	1	PF04492.16	98.6	1.6E-11	8E-16	88.1	0.0	95	21-115	1-113	(113)
WP_024246246.1	cdd	1	cd00093	96.5	1.3E-05	7.3E-10	32.5	0.0	50	3-52	3-52	(58)
WP_001549084.1	pfam	1	PF10779.12	96.0	7.4E-05	3.8E-09	43.5	0.0	54	40-100	2-55	(65)
WP_000032717.1	pdb	1	7QVB_B	98.7	1.6E-11	2.7E-16	107.5	0.0	199	32-246	24-231	(235)
WP_066018908.1	pdb	1	1XWR_D	98.5	1.3E-10	2.2E-15	74.8	0.0	93	5-98	2-97	(97)
KAB3415376.1	pdb	1	1XWR_D	98.5	1.2E-10	2E-15	74.9	0.0	93	5-98	2-97	(97)
WP_001133195.1	pdb	1	4UX5_B	93.1	0.018	3.1E-07	48.7	0.0	104	16-163	25-129	(136)
STI23912.1	cdd	1	cd06571	92.1	0.011	6.1E-07	30.7	0.0	27	13-39	44-71	(90)
WP_000788880.1	pdb	1	6BBM_W	99.8	2.7E-24	4.5E-29	183.9	0.0	131	1-132	1-131	(233)
WP_000611718.1	pdb	1	3SM4_C	100.0	3.3E-38	5.6E-43	257.1	0.0	226	1-226	4-229	(229)
WP_157919100.1	pdb	1	3GOX_A	96.4	6.8E-05	1.1E-09	60.4	0.0	28	1-28	75-112	(200)
WP_000365290.1	pfam	1	PF06420.15	99.6	8.2E-20	4.2E-24	152.0	0.0	106	2-120	18-130	(169)
WP_089515630.1	pdb	1	1XWR_D	98.5	1.2E-10	1.9E-15	75.0	0.0	93	5-98	2-97	(97)
WP_000995420.1	pdb	1	2UUZ_B	100.0	8.2E-47	1.4E-51	263.5	0.0	98	1-98	2-99	(99)
KAB3415374.1	pdb	1	3BDN_A	99.7	1.8E-21	3E-26	153.4	0.0	208	6-223	13-231	(236)
KAB3415364.1	cdd	1	cd22343	99.9	3.6E-29	2E-33	191.1	0.0	174	18-207	1-182	(182)
WP_015980176.1	pdb	1	6H9L_C	84.7	0.4	6.7E-06	39.1	0.0	61	88-148	52-116	(139)
WP_181665549.1	pdb	1	5LSI_E	51.5	9	0.00015	25.2	0.0	59	1-59	3-63	(76)
WP_033559557.1	pdb	1	4PTA_D	95.6	0.0007	1.2E-08	51.4	0.0	102	4-117	12-118	(131)
WP_000100845.1	pdb	1	6M9K_D	96.5	4.6E-05	7.6E-10	55.1	0.0	64	197-260	4-67	(67)
KAB3415377.1	pfam	1	PF04492.16	98.6	1.8E-11	9.2E-16	86.0	0.0	95	21-115	1-113	(113)
WP_024220799.1	pfam	1	PF10546.12	99.9	1.4E-29	7.2E-34	197.6	0.0	86	160-245	1-94	(94)
WP_112844290.1	pdb	1	5IFG_C	100.0	1.9E-37	3.1E-42	195.5	0.0	94	1-94	1-96	(104)
WP_152937760.1	pfam	1	PF01972.19	98.8	1.6E-12	8.4E-17	117.9	0.0	91	14-108	72-162	(284)
WP_001111280.1	pdb	1	5LSI_E	51.9	8.8	0.00015	25.3	0.0	59	1-59	3-63	(76)
WP_227454751.1	pfam	1	PF05269.14	95.4	0.00036	1.9E-08	37.7	0.0	71	17-87	13-86	(91)
STI23915.1	pdb	1	2V79_B	97.1	4.1E-06	6.8E-11	63.5	0.0	79	21-102	8-86	(135)
WP_001081279.1	pfam	1	PF14257.9	68.8	0.88	4.5E-05	37.2	0.0	85	3-94	91-180	(207)
WP_106410686.1	pdb	1	1QLO_A	69.3	2.6	4.3E-05	20.3	0.0	11	1-11	1-11	(34)
WP_000216182.1	pdb	1	6GOV_N	99.2	1.2E-14	1.9E-19	94.0	0.0	79	12-95	3-81	(110)
WP_000522969.1	cdd	1	cd05398	66.5	0.97	5.4E-05	30.2	0.0	40	45-86	2-42	(139)
WP_086167100.1	pdb	1	2P2U_A	98.5	2.4E-10	3.9E-15	86.8	0.0	90	67-160	58-160	(171)
WP_129547429.1	pdb	1	1XWR_D	98.5	1.2E-10	2E-15	75.0	0.0	93	5-98	2-97	(97)
WP_160371131.1	pdb	1	5LSI_E	51.6	8.9	0.00015	25.3	0.0	59	1-59	3-63	(76)
WP_000372937.1	pfam	1	PF06301.14	99.7	4.9E-21	2.5E-25	103.9	0.0	42	1-42	1-42	(42)
WP_089515627.1	pdb	1	2AUH_B	52.0	8.7	0.00015	21.2	0.0	22	23-44	20-41	(59)
WP_201477066.1	pdb	1	3C0T_B	72.8	1.9	3.2E-05	25.8	0.0	23	1-23	1-24	(33)
WP_201477066.1	pdb	2	6UCU_K	52.0	8.7	0.00014	25.1	0.0	16	132-149	35-50	(50)
WP_000067727.1	cdd	1	cd00093	58.1	1.8	9.9E-05	12.3	0.0	51	2-52	2-52	(58)
WP_001549475.1	pdb	1	3V9R_B	54.4	7.5	0.00013	24.9	0.0	20	27-46	15-34	(88)
WP_208486489.1	pfam	1	PF20307.1	99.7	1.5E-21	7.4E-26	199.2	0.0	234	341-597	56-333	(356)
WP_208486489.1	pfam	13	PF01807.23	97.1	1.4E-06	7.2E-11	67.9	0.0	93	1-94	1-94	(98)
WP_208486489.1	pfam	16	PF19898.2	96.4	2.3E-05	1.2E-09	66.6	0.0	128	122-262	1-146	(146)
WP_042199492.1	pfam	1	PF07125.14	59.2	1.8	9.2E-05	29.2	0.0	50	129-178	1-55	(59)
WP_001749476.1	pfam	1	PF20307.1	99.9	6.3E-29	3.2E-33	241.4	0.0	252	168-434	54-337	(356)
WP_001749476.1	pfam	13	PF00772.24	96.1	6.1E-05	3.1E-09	55.7	0.0	89	1-95	4-98	(98)
WP_000682306.1	pdb	1	2AUH_B	52.4	8.5	0.00014	22.0	0.0	22	23-44	20-41	(59)
WP_000064149.1	pfam	1	PF06892.14	93.9	0.003	1.5E-07	37.0	0.0	48	5-53	7-57	(142)
KAB3415367.1	pfam	1	PF06301.14	99.7	4.9E-21	2.5E-25	103.9	0.0	42	1-42	1-42	(42)
WP_000216180.1	pfam	1	PF11438.11	53.7	2.6	0.00013	20.6	0.0	24	14-37	1-24	(35)
WP_024246245.1	pfam	1	PF05269.14	95.4	0.00037	1.9E-08	37.6	0.0	71	17-87	13-86	(91)
WP_032251384.1	pfam	1	PF03837.17	99.5	5.1E-18	2.6E-22	140.1	0.0	136	39-178	20-193	(203)
WP_112844292.1	pdb	1	1XWR_D	98.5	1.2E-10	2E-15	74.9	0.0	93	5-98	2-97	(97)
KAB3415377.1	pdb	1	2V79_B	96.9	9E-06	1.5E-10	60.8	0.0	78	23-103	8-85	(135)
WP_024203136.1	cdd	1	cd06571	79.6	0.27	1.5E-05	27.1	0.0	36	12-47	29-65	(90)
WP_000065374.1	pfam	2	PF20192.1	64.5	1.2	6.3E-05	26.4	0.0	31	1-31	1-32	(74)
WP_000065374.1	pfam	3	PF05412.15	57.1	2.1	0.00011	28.1	0.0	14	93-106	4-17	(107)
WP_015980176.1	pfam	1	PF07798.14	96.1	5.8E-05	3E-09	56.2	0.0	23	146-168	151-173	(175)
WP_000437871.1	pdb	1	2OVG_A	97.8	4.1E-08	6.8E-13	50.6	0.0	64	1-64	1-64	(66)
WP_112844291.1	cdd	1	cd06529	97.9	5.7E-09	3.2E-13	63.5	0.0	71	132-203	1-71	(81)
WP_112844291.1	cdd	4	cd00093	92.9	0.0065	3.6E-07	30.7	0.0	58	11-71	1-58	(58)
WP_000437871.1	pfam	1	PF09048.13	97.1	1.4E-06	7.1E-11	40.4	0.0	59	2-60	1-59	(59)
WP_000372937.1	pdb	1	4OZW_A	60.8	4.9	8.2E-05	26.1	0.0	23	12-34	184-206	(335)
WP_000018646.1	cdd	1	cd00131	87.7	0.061	3.4E-06	31.3	0.0	40	110-149	16-55	(128)
WP_021552632.1	pdb	1	3BDN_A	99.7	4.4E-22	7.3E-27	155.3	0.0	210	6-224	13-233	(236)
WP_000951326.1	pfam	1	PF00436.28	92.2	0.012	6E-07	36.0	0.0	92	4-102	5-102	(102)
WP_213839201.1	pfam	1	PF06420.15	93.8	0.0034	1.7E-07	33.4	0.0	18	1-18	17-34	(169)
STI23907.1	pfam	1	PF11438.11	80.7	0.25	1.3E-05	26.6	0.0	24	10-40	1-24	(35)
WP_000361831.1	pfam	1	PF06301.14	99.5	6.1E-19	3.1E-23	91.6	0.0	36	1-36	1-36	(42)
STI23908.1	pdb	1	4ZXQ_D	95.0	0.0023	3.9E-08	47.8	0.0	49	40-88	96-144	(144)
WP_129547429.1	cdd	1	cd06571	78.1	0.32	1.8E-05	26.8	0.0	36	12-47	29-65	(90)
WP_001549473.1	pfam	1	PF05315.14	97.8	1.8E-08	9.2E-13	86.4	0.0	66	13-78	76-150	(218)
WP_001549473.1	pdb	1	1E7L_B	97.7	1.4E-07	2.3E-12	79.9	0.0	62	15-78	5-68	(157)
WP_049074210.1	pfam	1	PF11438.11	93.5	0.0045	2.3E-07	32.9	0.0	26	10-35	1-26	(35)
STI23907.1	pdb	1	5LM7_F	98.1	6.2E-09	1E-13	70.5	0.0	73	5-112	2-77	(89)
WP_000250469.1	pdb	1	3BDN_A	99.7	1.3E-21	2.1E-26	154.3	0.0	210	6-224	13-233	(236)
WP_227454752.1	pfam	1	PF06301.14	99.5	5.4E-19	2.8E-23	91.8	0.0	36	1-36	1-36	(42)
WP_208486490.1	pfam	1	PF05772.15	99.9	9.5E-29	4.8E-33	173.4	0.0	127	2-128	1-130	(130)
WP_032303759.1	pfam	2	PF18784.4	59.2	1.8	9.2E-05	23.9	0.0	19	25-43	18-37	(68)
WP_000145931.1	cdd	1	cd07153	96.6	1.1E-05	6.2E-10	49.1	0.0	77	4-85	3-85	(116)
STI23908.1	cdd	1	cd21438	69.7	0.75	4.2E-05	27.0	0.0	42	46-87	12-53	(55)
WP_208486490.1	pdb	1	1PC6_A	99.9	1.2E-28	1.9E-33	177.4	0.0	146	1-146	1-146	(146)
WP_101750476.1	cdd	1	cd06529	97.9	6.6E-09	3.7E-13	62.3	0.0	79	136-221	1-81	(81)
WP_101750476.1	cdd	4	cd00093	94.6	0.0013	7.3E-08	33.2	0.0	58	18-75	1-58	(58)
WP_208486487.1	pdb	1	6GOV_N	99.8	2.5E-24	4.1E-29	145.5	0.0	100	11-111	2-110	(110)
WP_000168274.1	pfam	1	PF00436.28	99.5	5.2E-19	2.6E-23	114.2	0.0	93	6-105	1-97	(102)
WP_052929900.1	pdb	1	1XWR_D	98.5	1.1E-10	1.9E-15	75.0	0.0	93	5-98	2-97	(97)
WP_001054987.1	pfam	1	PF08667.13	94.0	0.0027	1.4E-07	32.0	0.0	68	1-70	6-79	(174)
WP_113401498.1	pdb	1	5LSI_E	52.1	8.7	0.00014	25.3	0.0	59	1-59	3-63	(76)
WP_000788869.1	pdb	1	6BBM_W	99.8	1.4E-24	2.4E-29	186.9	0.0	131	1-132	1-131	(233)
WP_000437872.1	pfam	1	PF09048.13	97.0	1.7E-06	8.5E-11	40.1	0.0	59	2-60	1-59	(59)
WP_001549473.1	cdd	1	cd09643	97.2	7E-07	3.9E-11	89.2	0.0	61	20-80	567-633	(799)
WP_000539336.1	cdd	1	cd07153	71.7	0.63	3.5E-05	31.2	0.0	41	77-118	18-63	(116)
WP_001580567.1	cdd	1	cd22343	99.9	1.7E-29	9.3E-34	193.5	0.0	174	18-207	1-182	(182)
WP_106642979.1	pdb	1	4MZ9_D	99.9	6E-27	9.9E-32	170.7	0.0	116	1-116	1-116	(178)
WP_205852932.1	pdb	1	3C0T_B	72.9	1.9	3.1E-05	25.8	0.0	23	1-23	1-24	(33)
WP_205852932.1	pdb	2	6UCU_K	52.0	8.7	0.00014	25.1	0.0	16	132-149	35-50	(50)
STI23913.1	pdb	1	1XWR_D	98.5	1.1E-10	1.9E-15	75.0	0.0	93	5-98	2-97	(97)
KAB3415364.1	pfam	1	PF09588.13	99.8	7.9E-24	4E-28	155.7	0.0	137	23-168	1-141	(141)
WP_186227304.1	pdb	1	1XWR_D	98.5	1.2E-10	1.9E-15	75.0	0.0	93	5-98	2-97	(97)
WP_000250469.1	pfam	1	PF08667.13	99.0	1.8E-13	9.4E-18	101.1	0.0	141	8-194	3-153	(174)
WP_000250470.1	pdb	1	3BDN_A	99.7	2.5E-22	4.1E-27	157.0	0.0	210	6-224	13-233	(236)
WP_001180317.1	pdb	1	4LHF_A	97.5	4.2E-07	7E-12	52.9	0.0	33	11-43	12-44	(91)
WP_227454751.1	cdd	1	cd06571	79.5	0.27	1.5E-05	27.1	0.0	36	12-47	29-65	(90)
WP_000100845.1	pfam	1	PF03837.17	99.3	3E-16	1.5E-20	130.6	0.0	134	39-176	20-191	(203)
WP_032251384.1	pdb	1	6M9K_D	98.7	1.8E-11	2.9E-16	89.7	0.0	51	195-245	2-52	(67)
WP_000951326.1	pdb	1	5ODP_G	98.3	1E-09	1.7E-14	82.3	0.0	99	2-104	35-138	(196)
WP_000437872.1	cdd	1	cd06571	92.4	0.0094	5.2E-07	31.0	0.0	27	13-39	44-71	(90)
WP_086626352.1	pdb	1	2UUZ_B	61.4	4.7	7.9E-05	28.2	0.0	63	24-86	27-92	(99)
STI23911.1	pfam	1	PF08667.13	95.8	0.00013	6.5E-09	42.9	0.0	61	19-79	6-70	(174)
WP_000682306.1	pfam	1	PF07026.14	99.9	4.2E-33	2.1E-37	162.4	0.0	60	1-60	1-60	(60)
WP_106642979.1	cdd	1	cd04496	99.5	7.1E-18	3.9E-22	108.5	0.0	95	9-105	1-95	(100)
WP_001274754.1	pfam	1	PF08667.13	98.9	2.3E-13	1.2E-17	99.5	0.0	129	16-197	3-138	(174)
WP_000168274.1	pdb	1	7F5Y_B	99.8	2.1E-25	3.4E-30	159.7	0.0	105	1-105	1-106	(166)
WP_213839200.1	cdd	1	cd00984	99.8	7.5E-24	4.2E-28	192.9	0.0	248	190-451	1-250	(256)
WP_001016186.1	pdb	1	2IGI_A	99.1	1.1E-13	1.9E-18	99.2	0.0	170	2-181	6-178	(180)
WP_227454750.1	pfam	1	PF04492.16	98.5	6.1E-11	3.1E-15	84.8	0.0	89	19-107	1-107	(113)
WP_112037033.1	pdb	1	2GP8_A	67.2	3.1	5.1E-05	26.9	0.0	25	83-107	13-37	(40)
WP_029305433.1	pfam	1	PF06992.14	99.9	3.4E-30	1.7E-34	206.5	0.0	161	38-198	1-163	(163)
WP_000010964.1	pfam	1	PF17585.5	88.7	0.05	2.6E-06	29.7	0.0	28	8-36	6-33	(47)
WP_032266373.1	pdb	1	3V9R_B	57.0	6.4	0.00011	25.4	0.0	20	27-46	15-34	(88)
WP_001248388.1	pdb	1	3BGW_C	100.0	7.7E-45	1.3E-49	369.0	0.0	415	2-431	14-436	(444)
STI23911.1	pdb	1	6H49_A	97.3	1.5E-06	2.5E-11	52.8	0.0	67	14-80	10-76	(157)
WP_001198861.1	pfam	1	PF02061.19	99.9	9.9E-27	5E-31	127.6	0.0	42	2-43	1-42	(42)
WP_000951325.1	cdd	1	cd04496	94.3	0.0018	1E-07	39.0	0.0	95	4-102	2-100	(100)
WP_000951320.1	cdd	1	cd04496	94.3	0.0018	9.8E-08	39.0	0.0	95	4-102	2-100	(100)
WP_129547431.1	pfam	2	PF20192.1	64.5	1.2	6.3E-05	26.4	0.0	31	1-31	1-32	(74)
WP_129547431.1	pfam	3	PF05412.15	57.1	2.1	0.00011	28.1	0.0	14	93-106	4-17	(107)
WP_029305435.1	pdb	1	1XWR_D	98.5	1.2E-10	2E-15	74.9	0.0	93	5-98	2-97	(97)
WP_133142096.1	pfam	1	PF00142.21	99.5	8.9E-19	4.5E-23	153.1	0.0	164	29-222	1-168	(273)
WP_024203717.1	pdb	1	6QBT_A	72.7	1.9	3.2E-05	19.0	0.0	67	1-68	99-165	(169)
WP_000088201.1	pdb	1	6GOV_N	98.8	5.8E-12	9.7E-17	80.7	0.0	74	7-83	2-81	(110)
WP_000682305.1	pfam	1	PF07026.14	99.9	5.8E-33	3E-37	161.8	0.0	60	1-60	1-60	(60)
WP_000149544.1	pdb	1	2AUH_B	51.9	8.8	0.00015	21.9	0.0	22	23-44	20-41	(59)
WP_000438343.1	pdb	1	3ILH_A	63.3	4.1	6.9E-05	19.7	0.0	29	30-58	118-146	(146)
WP_000131498.1	pfam	1	PF20307.1	99.9	2.3E-27	1.1E-31	231.7	0.0	244	187-445	53-321	(356)
WP_000131498.1	pfam	11	PF00772.24	97.5	1.6E-07	8E-12	70.9	0.0	98	7-112	1-98	(98)
WP_000186779.1	pdb	1	3SM4_C	100.0	6.5E-39	1.1E-43	261.0	0.0	226	1-226	4-229	(229)
WP_213839200.1	pdb	1	3BGW_C	100.0	1.1E-45	1.9E-50	377.0	0.0	432	1-459	4-438	(444)
WP_086167103.1	cdd	1	cd06571	79.5	0.27	1.5E-05	27.1	0.0	36	12-47	29-65	(90)
WP_000168274.1	cdd	1	cd04496	99.5	7.4E-18	4.1E-22	107.7	0.0	95	9-105	1-95	(100)
WP_112844291.1	pfam	1	PF08667.13	98.9	2.7E-13	1.4E-17	98.8	0.0	141	7-193	3-153	(174)
WP_029305434.1	pdb	1	2V79_B	96.5	4.3E-05	7.2E-10	57.8	0.0	78	23-103	8-85	(135)
WP_001274754.1	pdb	1	3BDN_A	99.9	3.8E-30	6.4E-35	201.0	0.0	233	5-237	4-236	(236)
WP_000611718.1	pfam	1	PF01771.20	99.8	1.9E-24	9.8E-29	190.7	0.0	180	11-207	98-351	(456)
WP_038820284.1	pfam	1	PF04492.16	98.5	6.5E-11	3.3E-15	83.7	0.0	95	21-115	1-113	(113)
WP_143358684.1	pfam	1	PF04492.16	98.7	7.2E-12	3.7E-16	82.4	0.0	94	22-115	2-113	(113)
WP_106642979.1	pfam	1	PF00436.28	99.6	3.6E-19	1.8E-23	115.8	0.0	93	6-105	1-97	(102)
WP_000372941.1	pdb	1	4OZW_A	69.2	2.6	4.4E-05	27.4	0.0	24	12-35	184-207	(335)
WP_001037043.1	pdb	1	6JSX_A	92.6	0.028	4.6E-07	30.6	0.0	28	1-28	32-59	(73)
STI23904.1	cdd	1	cd09171	52.3	2.6	0.00014	18.5	0.0	24	14-37	1-24	(136)
KAB3415365.1	pdb	1	6M9K_D	96.6	3.2E-05	5.3E-10	56.1	0.0	65	196-260	3-67	(67)
WP_049074220.1	cdd	1	cd06529	98.0	4.6E-09	2.6E-13	64.0	0.0	79	142-227	1-81	(81)
WP_049074220.1	cdd	4	cd00093	94.2	0.0019	1.1E-07	32.9	0.0	58	20-77	1-58	(58)
WP_000437875.1	pdb	1	2OVG_A	97.8	4.5E-08	7.5E-13	50.4	0.0	64	1-64	1-64	(66)
WP_032236247.1	pfam	1	PF02061.19	99.8	5.4E-26	2.8E-30	125.6	0.0	42	2-45	1-42	(42)
WP_000539350.1	pdb	1	2V79_B	97.1	4.2E-06	6.9E-11	63.7	0.0	79	21-102	8-86	(135)
WP_187642120.1	pdb	1	3BDN_A	99.7	1.2E-20	2.1E-25	142.5	0.0	206	3-233	17-230	(236)
WP_000392425.1	pdb	1	3C0T_B	66.8	3.2	5.3E-05	24.7	0.0	23	1-23	1-24	(33)
STI23900.1	cdd	1	cd04496	94.3	0.0018	9.8E-08	39.0	0.0	95	4-102	2-100	(100)
WP_038348709.1	pfam	1	PF05772.15	99.9	1.9E-28	9.6E-33	171.3	0.0	127	2-128	1-130	(130)
KAB3415373.1	cdd	1	cd04750	58.3	1.7	9.7E-05	26.9	0.0	31	70-100	136-166	(166)
WP_032266377.1	pdb	1	1XWR_D	98.5	1.1E-10	1.9E-15	75.0	0.0	93	5-98	2-97	(97)
WP_208486488.1	pdb	1	1XWR_D	98.5	1.3E-10	2.1E-15	74.9	0.0	93	5-98	2-97	(97)
WP_032228176.1	pdb	1	6GOV_N	98.8	4.4E-12	7.3E-17	81.5	0.0	74	7-83	2-81	(110)
WP_001529821.1	pdb	1	2L0R_A	57.9	6	0.0001	23.6	0.0	7	34-40	16-22	(106)
WP_001037043.1	pfam	1	PF03646.18	92.5	0.0096	4.9E-07	31.8	0.0	21	1-21	58-78	(100)
WP_000065846.1	pfam	1	PF03837.17	99.9	5.7E-32	2.9E-36	233.1	0.0	182	28-213	2-191	(203)
WP_097435296.1	cdd	1	cd06571	79.6	0.27	1.5E-05	27.1	0.0	36	12-47	29-65	(90)
WP_032236247.1	cdd	1	cd14495	57.9	1.8	0.0001	25.5	0.0	34	5-38	36-72	(278)
WP_000088205.1	pfam	1	PF11438.11	74.4	0.53	2.7E-05	23.0	0.0	24	10-33	1-24	(35)
WP_112844288.1	pdb	1	1QYN_B	99.4	4.3E-17	7.1E-22	119.7	0.0	123	2-128	10-138	(153)
WP_000064149.1	pdb	1	2OVG_A	95.9	0.00032	5.3E-09	36.8	0.0	55	3-71	5-60	(66)
KAB3415372.1	pdb	1	6H9L_C	94.3	0.0062	1E-07	50.1	0.0	86	105-190	52-137	(139)
WP_000067065.1	pdb	1	2V79_B	97.5	4.2E-07	6.9E-12	71.5	0.0	78	22-102	8-85	(135)
WP_001302016.1	pfam	1	PF08667.13	98.8	8.2E-13	4.2E-17	94.7	0.0	139	14-201	3-152	(174)
WP_016063144.1	cdd	1	cd05400	85.4	0.1	5.8E-06	33.3	0.0	50	35-88	1-57	(143)
WP_096246228.1	pdb	1	3BDN_A	99.9	2E-26	3.3E-31	178.6	0.0	221	11-231	12-236	(236)
WP_029305437.1	pfam	1	PF04404.15	99.8	2.8E-24	1.4E-28	159.7	0.0	121	5-128	1-123	(146)
WP_000100848.1	pdb	1	6M9K_D	96.6	3.6E-05	6E-10	55.4	0.0	65	196-260	3-67	(67)
WP_042034133.1	pdb	1	4RO3_A	78.9	0.98	1.6E-05	34.9	0.0	83	1-83	4-99	(120)
WP_001749476.1	cdd	1	cd00984	99.8	3E-25	1.7E-29	201.0	0.0	251	170-427	1-252	(256)
WP_059217898.1	pfam	1	PF04999.16	70.4	0.77	3.9E-05	25.1	0.0	78	3-80	15-93	(97)
KAB3415376.1	pfam	1	PF05269.14	95.4	0.00037	1.9E-08	37.6	0.0	71	17-87	13-86	(91)
WP_024246245.1	pdb	1	1XWR_D	98.5	1.2E-10	2E-15	74.9	0.0	93	5-98	2-97	(97)
WP_000216182.1	pfam	1	PF11438.11	53.9	2.5	0.00013	20.3	0.0	24	14-37	1-24	(35)
WP_157919100.1	pfam	1	PF05766.15	94.9	0.00091	4.6E-08	49.9	0.0	40	95-134	97-146	(197)
WP_157919100.1	pfam	5	PF12898.10	87.3	0.075	3.8E-06	34.4	0.0	24	3-26	50-79	(81)
WP_015966851.1	pdb	1	4ILO_B	95.8	0.00048	8E-09	53.2	0.0	41	106-151	199-239	(257)
WP_001054987.1	pdb	1	6H49_A	96.3	0.0001	1.7E-09	38.7	0.0	59	4-64	18-78	(157)
STI23901.1	pfam	1	PF04404.15	99.8	5.6E-24	2.8E-28	158.4	0.0	120	5-127	1-122	(146)
WP_000951320.1	pfam	1	PF00436.28	92.2	0.012	6E-07	36.0	0.0	92	4-102	5-102	(102)
WP_000216180.1	pdb	1	6GOV_N	99.3	3E-15	5.1E-20	97.8	0.0	79	12-95	3-81	(110)
WP_137413698.1	cdd	1	cd10911	98.3	4.1E-10	2.3E-14	74.7	0.0	58	2-61	96-153	(154)
WP_089515627.1	pfam	1	PF07026.14	99.9	3.1E-31	1.6E-35	149.7	0.0	51	1-51	1-51	(60)
WP_181666354.1	pfam	1	PF17399.5	99.6	2.5E-19	1.3E-23	113.8	0.0	80	1-88	4-95	(96)
WP_000031004.1	pfam	1	PF04404.15	99.8	2.4E-24	1.2E-28	160.1	0.0	120	5-127	1-122	(146)
WP_227454752.1	pdb	1	4OZW_A	69.1	2.6	4.4E-05	26.2	0.0	28	7-34	179-206	(335)
STI23900.1	pdb	1	5ODP_G	98.3	1.2E-09	2E-14	81.8	0.0	99	2-104	35-138	(196)
WP_062876651.1	pfam	1	PF00436.28	99.5	5.2E-19	2.7E-23	114.1	0.0	93	6-105	1-97	(102)
WP_000065666.1	pfam	1	PF04492.16	98.9	7.5E-13	3.8E-17	95.5	0.0	102	19-124	1-113	(113)
WP_016063143.1	pfam	1	PF20215.1	79.9	0.28	1.4E-05	41.3	0.0	80	62-165	132-211	(213)
WP_016063143.1	pfam	2	PF04076.16	76.5	0.43	2.2E-05	35.4	0.0	62	232-295	29-91	(101)
WP_000428098.1	pdb	1	3BDN_A	99.7	2.8E-21	4.7E-26	152.1	0.0	207	7-221	15-231	(236)
WP_032153683.1	pdb	1	2P2U_A	98.4	3.1E-10	5.2E-15	85.8	0.0	89	68-160	59-160	(171)
WP_000166207.1	pfam	1	PF10872.11	99.7	3E-21	1.5E-25	106.6	0.0	48	1-48	1-48	(48)
KAB3415371.1	pfam	1	PF11438.11	73.8	0.56	2.9E-05	22.9	0.0	24	10-33	1-24	(35)
WP_001302016.1	pdb	1	3BDN_A	99.9	7.6E-27	1.3E-31	179.0	0.0	220	12-231	13-236	(236)
WP_016246170.1	cdd	1	cd14495	59.5	1.6	9E-05	25.0	0.0	34	5-38	36-72	(278)
WP_097435296.1	pfam	1	PF05269.14	95.5	0.00031	1.6E-08	38.0	0.0	71	17-87	13-86	(91)
WP_049074220.1	pdb	1	3BDN_A	99.9	3.6E-31	5.9E-36	206.2	0.0	235	3-237	2-236	(236)
WP_052925411.1	pdb	1	1XWR_D	98.5	1.3E-10	2.1E-15	74.8	0.0	93	5-98	2-97	(97)
WP_001016185.1	cdd	1	cd06135	99.1	1.4E-14	7.8E-19	99.9	0.0	170	4-180	2-172	(173)
WP_000951320.1	pdb	1	5ODP_G	98.3	1.3E-09	2.1E-14	81.7	0.0	99	2-104	35-138	(196)
WP_063501483.1	pdb	1	2V79_B	96.6	3.8E-05	6.4E-10	58.0	0.0	78	23-103	8-85	(135)
WP_001309734.1	pdb	1	2JRT_A	96.9	8.4E-06	1.4E-10	52.9	0.0	51	9-59	27-77	(95)
WP_001117690.1	pdb	1	2WSI_A	99.1	5.3E-14	8.8E-19	130.9	0.0	168	20-241	54-255	(306)
WP_112844292.1	pfam	1	PF05269.14	95.4	0.00038	1.9E-08	37.6	0.0	71	17-87	13-86	(91)
WP_000185505.1	pfam	1	PF04492.16	98.4	1E-10	5.2E-15	82.9	0.0	95	21-115	1-113	(113)
WP_021572762.1	pfam	1	PF08667.13	98.9	2E-13	1E-17	99.2	0.0	141	7-193	3-153	(174)
WP_021572762.1	cdd	1	cd06529	97.9	8.2E-09	4.6E-13	62.6	0.0	71	132-203	1-71	(81)
WP_021572762.1	cdd	4	cd00093	93.2	0.0051	2.9E-07	31.0	0.0	58	11-71	1-58	(58)
WP_052938060.1	pfam	1	PF00436.28	99.6	3.3E-19	1.7E-23	111.6	0.0	93	6-105	1-97	(102)
WP_164997364.1	cdd	1	cd22066	53.9	2.3	0.00013	17.6	0.0	12	15-26	4-15	(22)
WP_033559557.1	pfam	1	PF04492.16	98.8	1.8E-12	9.1E-17	94.8	0.0	107	1-112	2-113	(113)
WP_029305435.1	cdd	1	cd06571	78.1	0.32	1.8E-05	26.8	0.0	36	12-47	29-65	(90)
WP_032266376.1	cdd	1	cd06529	97.8	2.2E-08	1.2E-12	61.5	0.0	80	133-216	1-80	(81)
WP_032266376.1	cdd	4	cd00093	93.7	0.0033	1.8E-07	32.3	0.0	58	12-73	1-58	(58)
WP_000788881.1	pfam	1	PF06992.14	99.9	8.2E-30	4.2E-34	203.8	0.0	161	38-198	1-163	(163)
WP_139785542.1	pdb	1	3KOJ_A	98.5	1E-10	1.7E-15	52.9	0.0	38	1-38	6-44	(108)
WP_001623719.1	pfam	1	PF02061.19	99.9	1.1E-27	5.7E-32	127.2	0.0	42	2-43	1-42	(42)
WP_096075729.1	cdd	1	cd06571	78.4	0.31	1.7E-05	26.8	0.0	36	12-47	29-65	(90)
STI23900.1	pfam	1	PF00436.28	92.2	0.011	5.8E-07	36.1	0.0	92	4-102	5-102	(102)
WP_000145931.1	pdb	1	3EYI_A	97.4	7.1E-07	1.2E-11	54.1	0.0	52	3-54	11-65	(72)
WP_086167099.1	pfam	1	PF17399.5	99.5	4.5E-19	2.3E-23	112.8	0.0	80	1-88	4-95	(96)
WP_000394299.1	pdb	1	3JAP_r	64.1	3.9	6.5E-05	24.1	0.0	12	43-54	11-22	(31)
WP_000088203.1	pfam	1	PF11438.11	73.9	0.56	2.9E-05	22.9	0.0	24	10-33	1-24	(35)
WP_201477064.1	pdb	1	5JRB_C	99.0	1.5E-13	2.6E-18	119.7	0.0	109	2-121	42-173	(215)
WP_000951326.1	cdd	1	cd04496	94.3	0.0018	1E-07	39.0	0.0	95	4-102	2-100	(100)
WP_001560905.1	pdb	1	2OVG_A	97.8	5.1E-08	8.4E-13	50.2	0.0	64	1-64	1-64	(66)
WP_047402678.1	pfam	1	PF05037.16	94.7	0.0012	5.9E-08	48.0	0.0	122	6-144	1-129	(130)
WP_032303759.1	pdb	1	5XJ1_A	57.0	6.3	0.00011	28.6	0.0	14	11-24	72-85	(454)
WP_033559557.1	cdd	1	cd07153	58.7	1.7	9.4E-05	29.1	0.0	50	60-111	17-66	(116)
WP_000065666.1	pdb	1	4PTA_D	96.4	8.3E-05	1.4E-09	55.9	0.0	101	22-128	11-117	(131)
WP_194241937.1	pdb	1	6UCU_K	54.0	7.7	0.00013	25.0	0.0	16	120-137	35-50	(50)
WP_139785542.1	pfam	1	PF00436.28	97.9	1.1E-08	5.5E-13	44.0	0.0	33	6-38	1-33	(102)
WP_000185505.1	pdb	1	2V79_B	96.5	5.3E-05	8.8E-10	57.2	0.0	77	24-103	9-85	(135)
WP_208486488.1	pfam	1	PF05269.14	95.3	0.0004	2E-08	37.5	0.0	71	17-87	13-86	(91)
WP_160371130.1	pfam	1	PF05269.14	95.4	0.00034	1.7E-08	37.8	0.0	71	17-87	13-86	(91)
WP_112844287.1	pdb	1	5XJ1_A	62.2	4.5	7.5E-05	28.6	0.0	14	11-24	72-85	(454)
WP_001274754.1	cdd	1	cd06529	97.8	1.3E-08	7.3E-13	62.0	0.0	79	142-227	1-81	(81)
WP_001274754.1	cdd	4	cd00093	94.5	0.0013	7.5E-08	33.7	0.0	58	20-77	1-58	(58)
WP_000073663.1	pfam	1	PF14163.9	99.4	1.6E-17	7.9E-22	128.2	0.0	119	22-147	1-120	(161)
WP_000539336.1	pfam	1	PF04492.16	98.9	3.2E-13	1.6E-17	97.8	0.0	102	16-122	1-113	(113)
WP_021527653.1	cdd	1	cd07153	75.7	0.42	2.4E-05	32.1	0.0	44	80-123	18-66	(116)
WP_032167977.1	pdb	1	2V79_B	96.8	1.9E-05	3.1E-10	60.3	0.0	79	23-104	8-86	(135)
WP_208486488.1	cdd	1	cd06571	78.4	0.31	1.7E-05	26.8	0.0	36	12-47	29-65	(90)
WP_227454751.1	pdb	1	1XWR_D	98.5	1.2E-10	2E-15	75.0	0.0	93	5-98	2-97	(97)
WP_000186784.1	cdd	1	cd22343	99.9	9E-30	5E-34	195.5	0.0	174	18-207	1-182	(182)
WP_000067068.1	pfam	1	PF04492.16	98.6	2.4E-11	1.2E-15	89.4	0.0	87	21-107	2-106	(113)
WP_106410686.1	pfam	1	PF11058.11	99.0	1.3E-13	6.4E-18	71.1	0.0	21	3-23	46-66	(66)
WP_032266179.1	pfam	1	PF00436.28	99.6	1.2E-19	6.3E-24	119.0	0.0	97	6-112	1-101	(102)
WP_001244625.1	pfam	1	PF10872.11	87.3	0.073	3.7E-06	31.2	0.0	25	1-25	2-26	(48)
WP_001244625.1	pfam	2	PF04492.16	61.8	1.5	7.7E-05	25.1	0.0	36	53-88	4-41	(113)
WP_000773125.1	pfam	1	PF17399.5	99.6	3.5E-19	1.8E-23	113.1	0.0	80	1-88	4-95	(96)
WP_066018908.1	cdd	1	cd06571	78.2	0.32	1.8E-05	26.8	0.0	36	12-47	29-65	(90)
WP_001180318.1	cdd	1	cd00592	96.8	4.3E-06	2.4E-10	45.2	0.0	38	12-49	2-40	(100)
WP_129547430.1	pfam	1	PF03050.17	99.9	1.2E-27	6.1E-32	228.0	0.0	283	197-487	2-285	(285)
WP_129547430.1	pfam	9	PF06005.15	83.6	0.16	8.2E-06	36.0	0.0	65	8-72	5-69	(78)
WP_029305434.1	pfam	1	PF04492.16	98.5	7.1E-11	3.6E-15	83.8	0.0	95	21-115	1-113	(113)
KAB3415365.1	pfam	1	PF03837.17	99.3	1.4E-16	7.4E-21	132.7	0.0	134	39-176	20-191	(203)
WP_000195204.1	pfam	1	PF05269.14	95.4	0.00038	1.9E-08	37.6	0.0	71	17-87	13-86	(91)
WP_001309734.1	cdd	1	cd00131	95.8	0.00015	8.3E-09	44.4	0.0	49	10-59	13-61	(128)
WP_023157013.1	pfam	1	PF20307.1	99.9	1.4E-27	7E-32	233.4	0.0	243	188-445	54-321	(356)
WP_023157013.1	pfam	11	PF00772.24	97.6	8.9E-08	4.6E-12	72.4	0.0	98	7-112	1-98	(98)
WP_047674109.1	pfam	1	PF11438.11	73.9	0.56	2.8E-05	22.7	0.0	24	10-33	1-24	(35)
WP_208486489.1	pdb	1	6N7I_C	100.0	1.4E-46	2.3E-51	415.4	0.0	442	123-599	76-547	(566)
WP_071533307.1	pfam	2	PF18784.4	59.6	1.8	8.9E-05	23.5	0.0	19	25-43	18-37	(68)
STI23903.1	pfam	1	PF06301.14	99.6	1.2E-20	6.3E-25	101.2	0.0	39	9-47	2-40	(42)
WP_042034133.1	pfam	1	PF09681.13	94.2	0.0022	1.1E-07	45.8	0.0	86	4-93	1-99	(120)
WP_089515630.1	pfam	1	PF05269.14	95.4	0.00038	2E-08	37.6	0.0	71	17-87	13-86	(91)
WP_000065846.1	pdb	1	6M9K_D	94.8	0.0029	4.9E-08	47.9	0.0	67	230-297	1-67	(67)
WP_040093238.1	pfam	1	PF07233.15	57.8	2	0.0001	28.1	0.0	41	39-82	38-78	(91)
WP_040093238.1	pfam	2	PF17466.5	52.9	2.7	0.00014	28.1	0.0	24	149-172	22-45	(57)
WP_001133195.1	pfam	1	PF04383.16	80.8	0.25	1.3E-05	33.5	0.0	99	22-145	2-109	(109)
WP_000951325.1	pfam	1	PF00436.28	92.2	0.012	5.9E-07	36.0	0.0	92	4-102	5-102	(102)
WP_001529821.1	cdd	1	cd20599	66.0	1	5.6E-05	28.3	0.0	20	17-36	96-115	(126)
WP_066018908.1	pfam	1	PF05269.14	95.3	0.0004	2E-08	37.5	0.0	71	17-87	13-86	(91)
WP_129547432.1	pfam	1	PF06420.15	99.6	9.4E-20	4.8E-24	151.7	0.0	106	2-120	18-130	(169)
WP_000522969.1	pdb	1	2RFF_A	70.3	2.4	4E-05	29.3	0.0	47	38-89	13-60	(111)
WP_000365291.1	pdb	1	5JRB_C	99.0	1.5E-13	2.5E-18	119.7	0.0	108	2-120	42-172	(215)
WP_000365291.1	pfam	1	PF06420.15	99.6	1.2E-19	6.2E-24	151.0	0.0	106	2-120	18-130	(169)
WP_015966849.1	pfam	1	PF13479.9	97.6	8.8E-08	4.5E-12	72.3	0.0	172	1-188	1-192	(194)
WP_000804698.1	pdb	1	6ALG_N	99.8	1.8E-24	2.9E-29	152.7	0.0	84	8-92	18-108	(109)
WP_096974614.1	pfam	1	PF17420.5	100.0	5.2E-53	2.6E-57	295.5	0.0	98	1-98	1-100	(100)
WP_112844289.1	cdd	1	cd00093	90.8	0.021	1.2E-06	29.2	0.0	56	64-119	2-58	(58)
WP_024246245.1	cdd	1	cd06571	78.3	0.32	1.8E-05	26.8	0.0	36	12-47	29-65	(90)
WP_000131484.1	pdb	1	3BGW_C	100.0	1.4E-45	2.3E-50	376.5	0.0	433	1-460	4-439	(444)
WP_089588945.1	pfam	1	PF04404.15	99.8	2.4E-24	1.2E-28	160.1	0.0	120	5-127	1-122	(146)
WP_000951323.1	pfam	1	PF00436.28	92.2	0.012	6E-07	36.0	0.0	92	4-102	5-102	(102)
WP_000522969.1	pfam	1	PF18765.4	72.8	0.62	3.2E-05	28.3	0.0	40	45-91	1-41	(91)
WP_001214453.1	pfam	1	PF10930.11	99.9	1.6E-33	8.1E-38	161.2	0.0	53	1-53	1-53	(53)
WP_021539111.1	pdb	1	5J73_D	52.6	8.4	0.00014	28.4	0.0	56	3-72	15-70	(81)
WP_255059331.1	pfam	1	PF05269.14	95.5	0.00031	1.6E-08	38.0	0.0	72	16-87	12-86	(91)
WP_000131484.1	pfam	1	PF20307.1	99.9	2.1E-27	1.1E-31	231.9	0.0	244	187-445	53-321	(356)
WP_000131484.1	pfam	11	PF00772.24	97.5	1.6E-07	8.2E-12	70.9	0.0	98	7-112	1-98	(98)
WP_047671703.1	pdb	1	3BDN_A	99.9	6.1E-31	1E-35	204.2	0.0	234	4-237	3-236	(236)
WP_029305436.1	pfam	1	PF18757.4	100.0	1.4E-48	6.9E-53	324.7	0.0	196	4-203	1-204	(204)
WP_089515630.1	cdd	1	cd06571	78.8	0.3	1.7E-05	26.9	0.0	36	12-47	29-65	(90)
WP_000010966.1	pfam	1	PF17585.5	89.9	0.034	1.7E-06	30.4	0.0	28	8-36	6-33	(47)
WP_143358684.1	cdd	1	cd07153	83.7	0.14	8E-06	31.4	0.0	35	67-101	14-53	(116)
WP_139838357.1	cdd	1	cd06529	97.8	1.9E-08	1.1E-12	60.3	0.0	79	136-221	1-81	(81)
WP_139838357.1	cdd	4	cd00093	95.0	0.00068	3.8E-08	34.5	0.0	58	18-75	1-58	(58)
WP_001130059.1	pfam	1	PF02899.20	93.2	0.0056	2.9E-07	34.9	0.0	77	11-88	1-77	(83)
WP_001130059.1	pfam	5	PF19849.2	88.0	0.062	3.2E-06	34.4	0.0	21	150-170	34-54	(60)
WP_001274764.1	cdd	1	cd06529	97.9	7.4E-09	4.1E-13	63.1	0.0	79	142-227	1-81	(81)
WP_001274764.1	cdd	4	cd00093	94.0	0.0027	1.5E-07	32.4	0.0	58	20-77	1-58	(58)
WP_000788881.1	pdb	1	6BBM_W	99.8	2.5E-24	4.2E-29	184.2	0.0	131	1-132	1-131	(233)
WP_001549084.1	pdb	1	5APZ_A	91.2	0.058	9.7E-07	38.8	0.0	37	39-75	12-48	(120)
WP_001560905.1	pfam	1	PF09048.13	97.0	1.6E-06	8E-11	40.2	0.0	59	2-60	1-59	(59)
WP_021539111.1	pfam	1	PF03800.17	54.1	2.5	0.00013	27.8	0.0	38	16-53	78-117	(139)
KAB3415376.1	cdd	1	cd06571	78.1	0.32	1.8E-05	26.8	0.0	36	12-47	29-65	(90)
WP_001054987.1	cdd	1	cd00093	73.1	0.55	3.1E-05	15.8	0.0	56	2-59	1-58	(58)
WP_227454750.1	pdb	1	2V79_B	96.9	8.4E-06	1.4E-10	62.2	0.0	78	21-101	8-85	(135)
WP_053276021.1	pfam	2	PF20192.1	64.2	1.3	6.4E-05	26.4	0.0	31	1-31	1-32	(74)
WP_053276021.1	pfam	3	PF05412.15	56.4	2.2	0.00011	28.0	0.0	14	93-106	4-17	(107)
WP_001198860.1	pfam	1	PF02061.19	99.9	1E-26	5.1E-31	127.6	0.0	42	2-43	1-42	(42)
WP_208486486.1	pfam	1	PF18757.4	100.0	1.1E-48	5.6E-53	325.3	0.0	196	4-203	1-204	(204)
WP_047671703.1	cdd	1	cd06529	97.9	7E-09	3.9E-13	62.9	0.0	79	142-227	1-81	(81)
WP_047671703.1	cdd	4	cd00093	93.8	0.0031	1.7E-07	32.0	0.0	58	20-77	1-58	(58)
WP_186227304.1	cdd	1	cd06571	78.8	0.3	1.7E-05	26.9	0.0	36	12-47	29-65	(90)
WP_052938060.1	pdb	1	4MZ9_D	99.9	1.7E-26	2.8E-31	161.8	0.0	115	1-115	1-115	(178)
WP_038348709.1	pdb	1	1PC6_A	99.9	3.6E-28	6E-33	174.4	0.0	145	1-145	1-145	(146)
WP_052920495.1	pfam	1	PF05269.14	95.5	0.00031	1.6E-08	38.0	0.0	71	17-87	13-86	(91)
WP_213839201.1	pdb	1	5JRB_C	53.2	8.1	0.00013	22.2	0.0	18	1-18	41-58	(215)
WP_112844292.1	cdd	1	cd06571	78.4	0.31	1.7E-05	26.8	0.0	36	12-47	29-65	(90)
WP_000604110.1	pdb	1	2UUZ_B	61.4	4.7	7.9E-05	28.2	0.0	63	24-86	27-92	(99)
WP_063501483.1	cdd	1	cd07153	80.2	0.25	1.4E-05	32.9	0.0	35	67-101	14-53	(116)
WP_000372941.1	pfam	1	PF06301.14	99.6	9.5E-21	4.9E-25	102.8	0.0	42	1-42	1-42	(42)
WP_001529821.1	pfam	1	PF11950.11	90.9	0.023	1.2E-06	32.7	0.0	53	15-82	24-76	(86)
STI23909.1	pfam	1	PF09608.13	84.4	0.14	7E-06	39.9	0.0	34	106-141	169-202	(236)
WP_032316839.1	cdd	1	cd07153	81.2	0.21	1.2E-05	33.1	0.0	35	67-101	14-53	(116)
WP_000365290.1	pdb	1	5JRB_C	99.1	9.6E-14	1.6E-18	121.0	0.0	109	2-121	42-173	(215)
KAB3415364.1	pdb	1	3SM4_C	100.0	2E-38	3.4E-43	257.3	0.0	226	1-226	4-229	(229)
WP_001243355.1	pfam	1	PF06301.14	99.6	1.2E-20	6.3E-25	101.2	0.0	39	9-47	2-40	(42)
WP_201477064.1	pfam	1	PF06420.15	99.6	1.1E-19	5.8E-24	151.1	0.0	106	2-120	18-130	(169)
WP_133142096.1	pdb	1	7NPD_A	99.8	8.7E-23	1.5E-27	196.5	0.0	257	23-317	105-371	(407)
STI23915.1	pfam	1	PF04492.16	98.5	3.2E-11	1.6E-15	85.8	0.0	89	19-107	1-107	(113)
WP_015966851.1	cdd	1	cd14724	82.9	0.16	9.2E-06	24.1	0.0	21	50-70	1-21	(24)
WP_015966851.1	cdd	2	cd10511	80.2	0.25	1.4E-05	23.3	0.0	39	107-146	7-45	(47)
WP_001371715.1	pdb	1	4OZW_A	65.5	3.5	5.8E-05	27.2	0.0	28	7-34	179-206	(335)
WP_032153683.1	pfam	2	PF07352.15	99.2	5E-15	2.5E-19	107.1	0.0	100	55-160	35-153	(154)
WP_032316839.1	pfam	1	PF04492.16	98.6	2.1E-11	1.1E-15	86.1	0.0	95	21-115	1-113	(113)
WP_049074223.1	pdb	1	1XWR_D	98.5	1.2E-10	2E-15	75.0	0.0	93	5-98	2-97	(97)
WP_086167102.1	pfam	1	PF08667.13	91.6	0.016	8E-07	25.9	0.0	65	2-71	8-76	(174)
KAB3415370.1	pfam	1	PF14163.9	99.3	2.1E-16	1.1E-20	122.8	0.0	119	23-148	1-120	(161)
WP_000185506.1	cdd	1	cd07153	78.6	0.3	1.7E-05	32.4	0.0	35	67-101	14-53	(116)
WP_016246170.1	pfam	1	PF02061.19	99.9	7.6E-27	3.9E-31	125.1	0.0	42	2-45	1-42	(42)
WP_000145926.1	cdd	1	cd07153	96.6	9.4E-06	5.3E-10	49.4	0.0	77	4-85	3-85	(116)
WP_032266179.1	cdd	1	cd04496	99.5	1.7E-18	9.6E-23	112.4	0.0	95	9-105	1-95	(100)
WP_137413698.1	pfam	1	PF01936.21	98.1	1.3E-09	6.6E-14	72.7	0.0	60	1-61	72-134	(135)
WP_001529819.1	pfam	1	PF06301.14	99.6	1.2E-20	6.3E-25	101.2	0.0	39	9-47	2-40	(42)
WP_086626352.1	pfam	1	PF06064.14	83.0	0.18	9E-06	32.9	0.0	63	24-86	26-91	(98)
WP_001130059.1	pdb	1	1A0P_A	92.0	0.041	6.8E-07	42.6	0.0	86	7-93	2-87	(290)
WP_001130059.1	pdb	29	2L08_A	50.8	9.4	0.00016	27.7	0.0	18	145-162	12-29	(97)
WP_032266377.1	cdd	1	cd06571	78.4	0.31	1.7E-05	26.8	0.0	36	12-47	29-65	(90)
WP_021544316.1	pfam	1	PF04404.15	99.8	1.7E-24	8.5E-29	160.9	0.0	120	5-127	1-122	(146)
WP_000753555.1	cdd	1	cd04763	95.4	0.00035	2E-08	36.0	0.0	57	21-77	1-67	(68)
WP_000539350.1	pfam	1	PF04492.16	98.5	4.1E-11	2.1E-15	85.5	0.0	88	19-106	1-106	(113)
WP_000149544.1	pfam	1	PF07026.14	99.9	5.2E-33	2.7E-37	162.0	0.0	60	1-60	1-60	(60)
WP_024246248.1	pdb	1	2MI7_A	57.4	6.2	0.0001	27.0	0.0	42	27-70	3-44	(67)
WP_157919100.1	cdd	1	cd10508	63.6	1.2	6.8E-05	21.0	0.0	35	95-129	12-48	(49)
WP_052925410.1	pdb	1	5LSI_E	51.6	8.9	0.00015	25.3	0.0	59	1-59	3-63	(76)
WP_000438540.1	pfam	1	PF05269.14	95.3	0.00041	2.1E-08	37.5	0.0	71	17-87	13-86	(91)
WP_000438343.1	pfam	1	PF10642.12	50.3	3.2	0.00016	20.7	0.0	19	32-50	5-23	(47)
WP_000776961.1	pfam	1	PF17420.5	100.0	5.4E-53	2.8E-57	295.4	0.0	98	1-98	1-100	(100)
WP_001077327.1	pdb	1	5JUG_A	50.5	9.5	0.00016	28.8	0.0	21	20-40	19-39	(168)
WP_000478870.1	pfam	1	PF07927.15	98.8	8E-13	4.1E-17	71.1	0.0	57	11-70	1-57	(57)
WP_000394299.1	pfam	1	PF10003.12	69.5	0.83	4.3E-05	27.8	0.0	17	23-39	26-42	(140)
KAB3415369.1	pfam	2	PF20192.1	64.5	1.2	6.3E-05	26.4	0.0	31	1-31	1-32	(74)
KAB3415369.1	pfam	3	PF05412.15	57.1	2.1	0.00011	28.1	0.0	14	93-106	4-17	(107)
WP_112844289.1	pdb	1	6IRP_B	99.4	8.9E-17	1.5E-21	124.5	0.0	110	5-120	20-137	(138)
WP_021552632.1	cdd	1	cd06462	97.8	1.6E-08	9.1E-13	62.3	0.0	81	133-215	1-83	(84)
WP_021552632.1	cdd	4	cd00093	94.0	0.0024	1.4E-07	32.6	0.0	58	12-73	1-58	(58)
WP_032316839.1	pdb	1	2V79_B	96.7	2E-05	3.3E-10	59.3	0.0	78	23-103	8-85	(135)
WP_096246228.1	pfam	1	PF08667.13	98.9	2E-13	1E-17	99.0	0.0	139	14-201	3-152	(174)
WP_038820284.1	pdb	1	2V79_B	96.5	4.3E-05	7.2E-10	57.6	0.0	77	24-103	9-85	(135)
WP_129547432.1	pdb	1	5JRB_C	99.1	1.1E-13	1.8E-18	120.6	0.0	109	2-121	42-173	(215)
WP_000186784.1	pdb	1	3SM4_C	100.0	5.1E-39	8.5E-44	262.4	0.0	226	1-226	4-229	(229)
WP_000186779.1	cdd	1	cd22343	99.9	1.9E-29	1.1E-33	193.2	0.0	174	18-207	1-182	(182)
WP_001644575.1	pfam	1	PF04492.16	98.6	1.1E-11	5.7E-16	87.7	0.0	94	22-115	2-113	(113)
WP_059217898.1	pdb	1	3JC9_Ok	55.1	7.2	0.00012	25.2	0.0	82	3-84	21-102	(205)
WP_000018646.1	pdb	1	1U3E_M	99.7	4.7E-22	7.8E-27	140.7	0.0	128	24-154	28-162	(174)
WP_139838357.1	pfam	1	PF08667.13	99.0	5.3E-14	2.7E-18	101.1	0.0	138	14-200	3-151	(174)
WP_000438344.1	pfam	1	PF09817.12	54.7	2.4	0.00012	29.4	0.0	23	27-49	316-339	(538)
WP_001016186.1	pfam	1	PF16473.8	99.6	2E-19	1E-23	126.0	0.0	174	3-176	2-176	(177)
WP_001274764.1	pfam	1	PF08667.13	98.9	3E-13	1.5E-17	98.7	0.0	139	16-207	3-152	(174)
WP_000087627.1	pdb	1	3WXX_B	73.5	1.8	3E-05	36.7	0.0	70	93-163	92-162	(219)
WP_000087627.1	pdb	5	2Q33_A	60.2	5.1	8.6E-05	24.9	0.0	9	66-74	35-43	(43)
WP_001644575.1	pdb	1	2V79_B	97.3	1.1E-06	1.8E-11	66.8	0.0	78	23-103	8-85	(135)
STI23913.1	cdd	1	cd06571	79.5	0.27	1.5E-05	27.1	0.0	36	12-47	29-65	(90)
STI23899.1	pdb	1	5LSI_E	54.7	7.3	0.00012	25.8	0.0	69	1-79	4-74	(76)
WP_160371130.1	pdb	1	1XWR_D	98.5	1.1E-10	1.8E-15	75.1	0.0	93	5-98	2-97	(97)
WP_001130059.1	cdd	1	cd12727	57.1	1.9	0.00011	27.3	0.0	23	142-164	2-24	(87)
WP_052925411.1	cdd	1	cd06571	78.2	0.32	1.8E-05	26.8	0.0	36	12-47	29-65	(90)
STI23910.1	pfam	1	PF00717.26	98.5	7.4E-11	3.7E-15	68.8	0.0	84	25-114	31-116	(116)
WP_032266376.1	pfam	1	PF08667.13	98.9	2.8E-13	1.4E-17	100.1	0.0	142	7-194	2-153	(174)
WP_001248388.1	cdd	1	cd00984	99.8	3.1E-25	1.7E-29	201.0	0.0	250	170-426	1-251	(256)
WP_042019749.1	pfam	1	PF03837.17	99.9	1.6E-32	8.1E-37	236.7	0.0	183	28-216	2-191	(203)
WP_000611718.1	cdd	1	cd22343	99.9	1.3E-29	7.2E-34	194.3	0.0	174	18-207	1-182	(182)
KAB3415375.1	cdd	1	cd00592	97.0	2E-06	1.1E-10	46.2	0.0	38	12-49	2-40	(100)
WP_000145926.1	pdb	1	3EYI_A	97.4	6.1E-07	1E-11	54.4	0.0	52	3-54	11-65	(72)
WP_000438492.1	pfam	1	PF05269.14	95.4	0.00033	1.7E-08	37.8	0.0	71	17-87	13-86	(91)
WP_255081239.1	pdb	1	5LSI_E	52.1	8.6	0.00014	25.3	0.0	59	1-59	3-63	(76)
WP_000065371.1	pfam	2	PF20192.1	64.6	1.2	6.3E-05	26.4	0.0	31	1-31	1-32	(74)
WP_000065371.1	pfam	3	PF05412.15	57.1	2.1	0.00011	28.1	0.0	14	93-106	4-17	(107)
WP_053920131.1	pdb	1	3SM4_C	100.0	2.6E-36	4.4E-41	242.2	0.0	213	3-215	17-229	(229)
WP_255059331.1	pdb	1	1XWR_D	98.5	1.1E-10	1.8E-15	75.2	0.0	93	5-98	2-97	(97)
WP_001183771.1	pfam	1	PF02061.19	95.7	0.00019	9.7E-09	38.1	0.0	42	3-56	1-42	(42)
WP_001517863.1	pfam	1	PF06992.14	99.9	1.3E-30	6.8E-35	206.8	0.0	161	38-198	1-163	(163)
WP_086167102.1	cdd	1	cd00093	56.1	2	0.00011	12.4	0.0	52	1-52	1-52	(58)
WP_001198865.1	pfam	1	PF02061.19	99.9	9.8E-27	5E-31	127.6	0.0	42	2-43	1-42	(42)
WP_000638547.1	pfam	1	PF02061.19	99.8	7.4E-24	3.8E-28	111.9	0.0	39	2-42	1-39	(42)
KAB3415366.1	pdb	1	2UUZ_B	100.0	6.5E-47	1.1E-51	264.1	0.0	98	1-98	2-99	(99)
WP_062876651.1	cdd	1	cd04496	99.5	8E-18	4.5E-22	107.4	0.0	95	9-105	1-95	(100)
WP_112844289.1	pfam	1	PF08667.13	94.8	0.001	5.2E-08	51.0	0.0	59	64-122	8-71	(174)
WP_000806596.1	cdd	1	cd00984	99.8	2.8E-25	1.5E-29	201.3	0.0	250	170-426	1-251	(256)
WP_032266179.1	pdb	1	4MZ9_D	99.9	2.7E-27	4.5E-32	174.1	0.0	116	1-116	1-116	(178)
WP_089560458.1	cdd	1	cd04496	94.3	0.0018	9.9E-08	39.0	0.0	95	4-102	2-100	(100)
WP_000065666.1	cdd	1	cd07153	76.9	0.37	2.1E-05	32.3	0.0	44	80-123	18-66	(116)
STI23910.1	cdd	1	cd06529	98.0	4.4E-09	2.5E-13	56.4	0.0	79	29-114	1-81	(81)
WP_001016185.1	pdb	1	2IGI_A	99.1	1.2E-13	1.9E-18	99.2	0.0	170	2-181	6-178	(180)
WP_000438492.1	pdb	1	1XWR_D	98.5	1.1E-10	1.8E-15	75.2	0.0	93	5-98	2-97	(97)
WP_000193240.1	pdb	1	5TGY_A	76.3	1.3	2.2E-05	33.5	0.0	65	52-116	31-96	(109)
WP_000638547.1	cdd	1	cd14495	58.8	1.7	9.4E-05	24.2	0.0	34	5-38	36-72	(278)
WP_001580567.1	pfam	1	PF09588.13	99.8	3.9E-24	2E-28	157.9	0.0	137	23-168	1-141	(141)
WP_000972063.1	pfam	1	PF08134.14	99.4	2.3E-17	1.2E-21	86.1	0.0	37	2-38	1-37	(37)
WP_000951323.1	pdb	1	5ODP_G	98.3	1.3E-09	2.1E-14	81.7	0.0	99	2-104	35-138	(196)
WP_000088203.1	pdb	1	6GOV_N	98.8	4.3E-12	7.1E-17	81.6	0.0	74	7-83	2-81	(110)
WP_000854876.1	pfam	1	PF08972.14	96.8	5.5E-06	2.8E-10	47.9	0.0	44	7-50	7-51	(75)
WP_001580567.1	pdb	1	3SM4_C	100.0	1.7E-38	2.8E-43	258.7	0.0	226	1-226	4-229	(229)
KAB3415372.1	pfam	1	PF07798.14	96.7	8.5E-06	4.3E-10	62.3	0.0	33	185-217	138-174	(175)
WP_000438540.1	pdb	1	1XWR_D	98.5	1.3E-10	2.1E-15	74.8	0.0	93	5-98	2-97	(97)
WP_000018646.1	pfam	1	PF05551.14	99.5	1.3E-18	6.7E-23	114.4	0.0	73	22-94	1-81	(117)
WP_000018646.1	pfam	3	PF11242.11	95.8	0.00014	7.3E-09	41.6	0.0	34	117-150	4-37	(64)
WP_139838357.1	pdb	1	3BDN_A	99.9	2.3E-27	3.8E-32	182.2	0.0	221	11-231	12-236	(236)
WP_000065351.1	pfam	2	PF20192.1	64.4	1.2	6.4E-05	26.4	0.0	31	1-31	1-32	(74)
WP_000065351.1	pfam	3	PF05412.15	56.7	2.1	0.00011	28.0	0.0	14	93-106	4-17	(107)
STI23908.1	pfam	1	PF10779.12	97.3	4.8E-07	2.4E-11	54.0	0.0	47	44-90	2-48	(65)
WP_000437875.1	cdd	1	cd06571	92.1	0.011	6.1E-07	30.7	0.0	27	13-39	44-71	(90)
WP_000951323.1	cdd	1	cd04496	94.3	0.0018	9.8E-08	39.0	0.0	95	4-102	2-100	(100)
WP_000067065.1	pfam	1	PF04492.16	98.6	2.5E-11	1.3E-15	89.4	0.0	88	21-108	2-107	(113)
WP_129547429.1	pfam	1	PF05269.14	95.4	0.00037	1.9E-08	37.7	0.0	71	17-87	13-86	(91)
WP_000478870.1	pdb	1	1WHZ_A	99.2	4.9E-15	8.1E-20	85.5	0.0	66	8-77	4-69	(70)
WP_000854876.1	pdb	1	1WV8_A	97.1	4.4E-06	7.3E-11	50.3	0.0	45	7-51	7-54	(73)
WP_032153683.1	cdd	1	cd21937	63.0	1.3	7E-05	24.7	0.0	45	40-84	1-52	(53)
WP_187642120.1	pfam	1	PF08667.13	98.8	2.4E-12	1.2E-16	90.7	0.0	138	1-204	3-153	(174)
WP_000788349.1	pfam	1	PF15969.8	100.0	7E-35	3.5E-39	255.8	0.0	228	1-228	1-235	(235)
WP_015966849.1	cdd	1	cd00983	96.6	1.1E-05	6.1E-10	62.7	0.0	133	2-136	24-162	(235)
WP_000189752.1	pfam	1	PF03201.19	52.3	2.8	0.00014	28.2	0.0	47	9-62	24-71	(89)
WP_029305434.1	cdd	1	cd07153	78.4	0.31	1.7E-05	32.4	0.0	35	67-101	14-53	(116)
WP_112037033.1	pfam	1	PF05235.17	64.2	1.3	6.4E-05	27.8	0.0	26	18-43	175-200	(232)
WP_000067068.1	pdb	1	2V79_B	97.5	3.5E-07	5.9E-12	71.9	0.0	78	22-102	8-85	(135)
WP_000064149.1	cdd	1	cd00093	61.9	1.4	7.6E-05	17.3	0.0	36	16-51	14-49	(58)
WP_086167102.1	pdb	1	2O38_B	95.9	0.00032	5.3E-09	31.7	0.0	50	3-52	44-94	(120)
WP_000788880.1	pfam	1	PF06992.14	99.9	1E-29	5.1E-34	203.2	0.0	161	38-198	1-163	(163)
WP_112844288.1	cdd	1	cd00557	99.5	3.7E-18	2E-22	118.5	0.0	121	3-126	1-128	(131)
WP_000031370.1	pfam	1	PF04404.15	99.8	1.9E-24	9.6E-29	160.5	0.0	120	5-127	1-122	(146)
WP_089560458.1	pfam	1	PF00436.28	92.2	0.011	5.8E-07	36.0	0.0	92	4-102	5-102	(102)
WP_000145931.1	pfam	1	PF06163.14	98.2	5.9E-10	3E-14	68.7	0.0	88	4-95	14-108	(115)
WP_000995439.1	pdb	1	2UUZ_B	100.0	8.1E-47	1.4E-51	263.6	0.0	98	1-98	2-99	(99)
STI23913.1	pfam	1	PF05269.14	95.4	0.00035	1.8E-08	37.7	0.0	71	17-87	13-86	(91)
WP_032266371.1	pfam	2	PF20192.1	64.6	1.2	6.3E-05	26.4	0.0	31	1-31	1-32	(74)
WP_032266371.1	pfam	3	PF05412.15	57.1	2.1	0.0001	28.1	0.0	14	93-106	4-17	(107)
WP_236942046.1	pdb	1	6GOV_N	98.7	2.2E-11	3.6E-16	72.1	0.0	58	1-61	4-81	(110)
WP_024246248.1	pfam	1	PF18757.4	100.0	1.7E-48	8.8E-53	324.0	0.0	196	4-203	1-204	(204)
WP_032266377.1	pfam	1	PF05269.14	95.4	0.00035	1.8E-08	37.7	0.0	71	17-87	13-86	(91)
WP_052929900.1	cdd	1	cd06571	78.3	0.31	1.8E-05	26.8	0.0	36	12-47	29-65	(90)
KAB3415373.1	pfam	1	PF11950.11	89.1	0.044	2.2E-06	32.9	0.0	73	1-99	1-80	(86)
WP_029305433.1	pdb	1	6BBM_W	99.8	2.1E-24	3.4E-29	185.9	0.0	131	1-132	1-131	(233)
WP_001608293.1	cdd	1	cd07153	85.8	0.096	5.4E-06	35.3	0.0	32	68-99	17-53	(116)
WP_001117690.1	pfam	1	PF01507.22	98.9	2.4E-13	1.2E-17	114.7	0.0	146	22-204	2-178	(229)
STI23905.1	pfam	1	PF10281.12	59.8	1.7	8.8E-05	20.2	0.0	14	30-43	5-18	(37)
WP_137413698.1	pdb	1	2QIP_A	98.3	1.3E-09	2.2E-14	76.7	0.0	60	1-62	100-160	(165)
WP_016063143.1	pdb	1	1NNX_A	79.9	0.86	1.4E-05	37.2	0.0	92	199-295	5-96	(109)
WP_032266376.1	pdb	1	3BDN_A	99.7	1.4E-21	2.3E-26	154.0	0.0	209	6-223	13-232	(236)
KAB3415374.1	pfam	1	PF08667.13	98.9	2.6E-13	1.3E-17	100.3	0.0	142	7-195	2-153	(174)
WP_000951325.1	pdb	1	5ODP_G	98.3	9.8E-10	1.6E-14	82.3	0.0	99	2-104	35-138	(196)
WP_049074223.1	pfam	1	PF05269.14	95.4	0.00036	1.8E-08	37.7	0.0	71	17-87	13-86	(91)
WP_227454750.1	cdd	1	cd07153	84.5	0.12	6.9E-06	34.7	0.0	32	68-99	17-53	(116)
WP_129547430.1	cdd	1	cd12870	77.3	0.36	2E-05	31.5	0.0	45	141-188	2-46	(66)
WP_129547430.1	cdd	2	cd21937	67.9	0.87	4.9E-05	29.0	0.0	34	36-69	20-53	(53)
WP_000195204.1	cdd	1	cd06571	78.3	0.32	1.8E-05	26.8	0.0	36	12-47	29-65	(90)
WP_000088206.1	pdb	1	6GOV_N	98.8	4.9E-12	8.2E-17	80.9	0.0	74	7-83	2-81	(110)
WP_000788869.1	pfam	1	PF06992.14	99.9	3.1E-30	1.6E-34	206.8	0.0	161	38-198	1-163	(163)
WP_000100847.1	pdb	1	6M9K_D	96.6	3.2E-05	5.3E-10	56.1	0.0	65	196-260	3-67	(67)
WP_112844290.1	pfam	1	PF09907.12	99.9	1.2E-33	6.1E-38	166.4	0.0	74	19-92	1-74	(74)
WP_000682305.1	pdb	1	2AUH_B	52.4	8.5	0.00014	22.0	0.0	22	23-44	20-41	(59)
STI23904.1	pdb	1	4B4C_A	80.1	0.84	1.4E-05	27.1	0.0	23	17-39	181-203	(211)
WP_000250469.1	cdd	1	cd06529	97.8	1.4E-08	7.9E-13	62.4	0.0	71	133-204	1-71	(81)
WP_000250469.1	cdd	4	cd00093	93.8	0.0032	1.8E-07	32.3	0.0	58	12-73	1-58	(58)
WP_001608293.1	pdb	1	2V79_B	97.0	5.8E-06	9.7E-11	63.0	0.0	79	21-102	8-86	(135)
WP_032304947.1	pdb	1	2UUZ_B	100.0	1.1E-43	1.8E-48	244.9	0.0	90	1-90	2-91	(99)
WP_023157013.1	cdd	1	cd00984	99.8	3.6E-24	2E-28	195.2	0.0	251	190-454	1-253	(256)
WP_000361831.1	pdb	1	4OZW_A	69.0	2.6	4.4E-05	26.2	0.0	28	7-34	179-206	(335)
WP_000186779.1	pfam	1	PF09588.13	99.8	3.3E-24	1.7E-28	158.2	0.0	137	23-168	1-141	(141)
WP_001608293.1	pfam	1	PF04492.16	98.5	5.3E-11	2.7E-15	85.0	0.0	88	19-106	1-106	(113)
WP_001111336.1	pdb	1	5LSI_E	63.4	4.1	6.9E-05	26.9	0.0	62	1-62	3-66	(76)
WP_000185505.1	cdd	1	cd07153	76.8	0.37	2.1E-05	31.9	0.0	35	67-101	14-53	(116)
WP_001371715.1	pfam	1	PF06301.14	99.4	5.4E-17	2.8E-21	89.9	0.0	42	1-42	1-42	(42)
KAB3415377.1	cdd	1	cd07153	85.5	0.1	5.7E-06	34.6	0.0	35	67-101	14-53	(116)
